{
  "RSpec": {
    "coverage": {
      "/Users/hajime.a.iizuka/git/training/taskManager/app/helpers/admin/users_helper.rb": [
        1,
        1,
        22,
        1,
        null,
        null,
        1,
        22,
        22,
        null,
        null
      ],
      "/Users/hajime.a.iizuka/git/training/taskManager/app/helpers/application_helper.rb": [
        1,
        1,
        25,
        25,
        25,
        25,
        null,
        null,
        1,
        27,
        27,
        27,
        null,
        null,
        1,
        27,
        27,
        27,
        null,
        null,
        1,
        27,
        null,
        1,
        1,
        null,
        null,
        1,
        0,
        0,
        0,
        null,
        null,
        1,
        61,
        null,
        43,
        43,
        null,
        null,
        1,
        16,
        16,
        16,
        null,
        null,
        1,
        16,
        16,
        16,
        null,
        null,
        1,
        16,
        null,
        4,
        4,
        null,
        null,
        1,
        null,
        1,
        134,
        134,
        null,
        null,
        1,
        61,
        null,
        null
      ],
      "/Users/hajime.a.iizuka/git/training/taskManager/app/helpers/list_helper.rb": [
        1,
        1,
        214,
        214,
        null,
        null,
        1,
        214,
        214,
        null,
        null,
        1,
        193,
        null,
        null,
        1,
        214,
        null,
        null,
        1,
        7,
        2,
        null,
        5,
        null,
        null,
        null
      ],
      "/Users/hajime.a.iizuka/git/training/taskManager/app/helpers/login_helper.rb": [
        1,
        1,
        106,
        89,
        null,
        null
      ],
      "/Users/hajime.a.iizuka/git/training/taskManager/app/controllers/admin/users_controller.rb": [
        1,
        1,
        null,
        1,
        12,
        null,
        null,
        1,
        1,
        null,
        null,
        1,
        3,
        3,
        3,
        0,
        null,
        3,
        null,
        null,
        null,
        1,
        7,
        7,
        null,
        7,
        2,
        2,
        null,
        5,
        5,
        null,
        null,
        null,
        1,
        3,
        3,
        null,
        null,
        1,
        9,
        9,
        null,
        8,
        6,
        6,
        null,
        2,
        2,
        null,
        null,
        null,
        1,
        4,
        4,
        null,
        3,
        2,
        2,
        0,
        0,
        null,
        null,
        1,
        null,
        null,
        3,
        null,
        null,
        1,
        null,
        1,
        16,
        null,
        null,
        null,
        null,
        1,
        39,
        0,
        0,
        null,
        null,
        null
      ],
      "/Users/hajime.a.iizuka/git/training/taskManager/app/controllers/application_controller.rb": [
        1,
        1,
        1,
        1,
        1,
        1,
        1,
        null,
        1,
        1,
        null,
        1,
        0,
        null,
        null,
        1,
        5,
        null,
        null,
        1,
        null,
        1,
        106,
        89,
        89,
        null,
        null,
        1,
        88,
        null,
        null,
        1,
        35,
        35,
        null,
        null,
        null,
        null,
        null,
        1,
        37,
        null,
        null,
        1,
        56,
        null,
        null,
        1,
        125,
        null,
        null
      ],
      "/Users/hajime.a.iizuka/git/training/taskManager/app/controllers/concerns/common_login.rb": [
        null,
        null,
        null,
        1,
        1,
        null,
        1,
        null,
        1,
        57,
        null,
        null,
        1,
        57,
        57,
        57,
        57,
        57,
        57,
        null,
        null,
        1,
        57,
        57,
        57,
        null,
        null,
        1,
        0,
        0,
        null,
        null,
        1,
        89,
        89,
        89,
        89,
        89,
        89,
        null,
        null,
        1,
        0,
        0,
        0,
        null,
        null
      ],
      "/Users/hajime.a.iizuka/git/training/taskManager/app/controllers/list_controller.rb": [
        1,
        1,
        1,
        null,
        1,
        28,
        28,
        3,
        null,
        25,
        null,
        null,
        null,
        1,
        1,
        1,
        null,
        null,
        1,
        1,
        1,
        null,
        null,
        1,
        8,
        8,
        null,
        8,
        8,
        null,
        null,
        8,
        4,
        4,
        null,
        4,
        4,
        null,
        null,
        null,
        1,
        4,
        4,
        null,
        2,
        2,
        null,
        0,
        null,
        null,
        2,
        null,
        null,
        1,
        8,
        8,
        null,
        7,
        7,
        7,
        null,
        0,
        0,
        null,
        null,
        null,
        1,
        null,
        1,
        46,
        null,
        null,
        1,
        16,
        null,
        null,
        null,
        null,
        null
      ],
      "/Users/hajime.a.iizuka/git/training/taskManager/app/controllers/login_controller.rb": [
        1,
        1,
        1,
        null,
        1,
        1,
        null,
        1,
        18,
        18,
        null,
        null,
        1,
        23,
        23,
        23,
        19,
        null,
        null,
        19,
        null,
        4,
        4,
        null,
        null,
        null,
        1,
        0,
        null,
        null
      ],
      "/Users/hajime.a.iizuka/git/training/taskManager/app/models/label.rb": [
        1,
        1,
        null,
        1,
        null,
        null,
        null,
        null
      ],
      "/Users/hajime.a.iizuka/git/training/taskManager/app/models/application_record.rb": [
        1,
        1,
        null
      ],
      "/Users/hajime.a.iizuka/git/training/taskManager/app/models/task_label.rb": [
        1,
        1,
        1,
        null
      ],
      "/Users/hajime.a.iizuka/git/training/taskManager/app/models/task.rb": [
        1,
        1,
        1,
        1,
        1,
        null,
        1,
        null,
        null,
        1,
        null,
        null,
        null,
        1,
        null,
        null,
        null,
        1,
        null,
        null,
        null,
        1,
        null,
        1,
        null,
        null,
        null,
        1,
        null,
        null,
        null,
        1,
        null,
        1,
        34,
        34,
        34,
        34,
        34,
        null,
        34,
        null,
        null,
        1,
        34,
        7,
        null,
        null
      ],
      "/Users/hajime.a.iizuka/git/training/taskManager/app/models/user.rb": [
        1,
        1,
        null,
        1,
        1,
        null,
        1,
        null,
        null,
        null,
        null,
        null,
        1,
        null,
        null,
        null,
        null,
        1,
        null,
        null,
        null,
        1,
        1,
        null,
        1,
        null,
        1,
        118,
        null,
        null,
        1,
        214,
        null,
        null,
        1,
        null,
        1,
        242,
        null,
        null,
        1,
        10,
        7,
        2,
        2,
        null,
        3,
        1,
        1,
        null,
        7,
        null,
        null,
        1,
        7,
        3,
        null,
        4,
        2,
        null,
        2,
        null,
        null,
        1,
        3,
        null,
        null
      ],
      "/Users/hajime.a.iizuka/git/training/taskManager/app/mailers/application_mailer.rb": [
        0,
        0,
        0,
        0
      ],
      "/Users/hajime.a.iizuka/git/training/taskManager/app/jobs/application_job.rb": [
        0,
        0
      ],
      "/Users/hajime.a.iizuka/git/training/taskManager/app/channels/application_cable/connection.rb": [
        0,
        0,
        0,
        0
      ],
      "/Users/hajime.a.iizuka/git/training/taskManager/app/channels/application_cable/channel.rb": [
        0,
        0,
        0,
        0
      ]
    },
    "timestamp": 1542092530
  }
}
